# JRE version: Java(TM) SE Runtime Environment (7.0_76-b13) (build 1.7.0_76-b13)
# Java VM: Java HotSpot(TM) Client VM (24.76-b04 mixed mode, sharing windows-x86 )
Heap
 def new generation   total 4928K, used 93K [0x22c00000, 0x23150000, 0x28150000)
  eden space 4416K,   2% used [0x22c00000, 0x22c17100, 0x23050000)
  from space 512K,   0% used [0x23050000, 0x23050650, 0x230d0000)
  to   space 512K,   0% used [0x230d0000, 0x230d0000, 0x23150000)
 tenured generation   total 10944K, used 1923K [0x28150000, 0x28c00000, 0x32c00000)
   the space 10944K,  17% used [0x28150000, 0x28330ec8, 0x28331000, 0x28c00000)
 compacting perm gen  total 12288K, used 606K [0x32c00000, 0x33800000, 0x36c00000)
   the space 12288K,   4% used [0x32c00000, 0x32c97818, 0x32c97a00, 0x33800000)
    ro space 10240K,  42% used [0x36c00000, 0x37035ff0, 0x37036000, 0x37600000)
    rw space 12288K,  51% used [0x37600000, 0x37c3bd30, 0x37c3be00, 0x38200000)
GC Heap History (10 events):
Event: 117.674 GC heap before
{Heap before GC invocations=29 (full 0):
 def new generation   total 4928K, used 4416K [0x22c00000, 0x23150000, 0x28150000)
  eden space 4416K, 100% used [0x22c00000, 0x23050000, 0x23050000)
  from space 512K,   0% used [0x230d0000, 0x230d0210, 0x23150000)
  to   space 512K,   0% used [0x23050000, 0x23050000, 0x230d0000)
 tenured generation   total 10944K, used 1923K [0x28150000, 0x28c00000, 0x32c00000)
   the space 10944K,  17% used [0x28150000, 0x28330ec8, 0x28331000, 0x28c00000)
 compacting perm gen  total 12288K, used 602K [0x32c00000, 0x33800000, 0x36c00000)
   the space 12288K,   4% used [0x32c00000, 0x32c96bb8, 0x32c96c00, 0x33800000)
    ro space 10240K,  42% used [0x36c00000, 0x37035ff0, 0x37036000, 0x37600000)
    rw space 12288K,  51% used [0x37600000, 0x37c3bd30, 0x37c3be00, 0x38200000)
Event: 117.674 GC heap after
Heap after GC invocations=30 (full 0):
 def new generation   total 4928K, used 1K [0x22c00000, 0x23150000, 0x28150000)
  eden space 4416K,   0% used [0x22c00000, 0x22c00000, 0x23050000)
  from space 512K,   0% used [0x23050000, 0x23050490, 0x230d0000)
  to   space 512K,   0% used [0x230d0000, 0x230d0000, 0x23150000)
 tenured generation   total 10944K, used 1923K [0x28150000, 0x28c00000, 0x32c00000)
   the space 10944K,  17% used [0x28150000, 0x28330ec8, 0x28331000, 0x28c00000)
 compacting perm gen  total 12288K, used 602K [0x32c00000, 0x33800000, 0x36c00000)
   the space 12288K,   4% used [0x32c00000, 0x32c96bb8, 0x32c96c00, 0x33800000)
    ro space 10240K,  42% used [0x36c00000, 0x37035ff0, 0x37036000, 0x37600000)
    rw space 12288K,  51% used [0x37600000, 0x37c3bd30, 0x37c3be00, 0x38200000)
}
Event: 119.365 GC heap before
{Heap before GC invocations=30 (full 0):
 def new generation   total 4928K, used 4417K [0x22c00000, 0x23150000, 0x28150000)
  eden space 4416K, 100% used [0x22c00000, 0x23050000, 0x23050000)
  from space 512K,   0% used [0x23050000, 0x23050490, 0x230d0000)
  to   space 512K,   0% used [0x230d0000, 0x230d0000, 0x23150000)
 tenured generation   total 10944K, used 1923K [0x28150000, 0x28c00000, 0x32c00000)
   the space 10944K,  17% used [0x28150000, 0x28330ec8, 0x28331000, 0x28c00000)
 compacting perm gen  total 12288K, used 602K [0x32c00000, 0x33800000, 0x36c00000)
   the space 12288K,   4% used [0x32c00000, 0x32c96bb8, 0x32c96c00, 0x33800000)
    ro space 10240K,  42% used [0x36c00000, 0x37035ff0, 0x37036000, 0x37600000)
    rw space 12288K,  51% used [0x37600000, 0x37c3bd30, 0x37c3be00, 0x38200000)
Event: 119.366 GC heap after
Heap after GC invocations=31 (full 0):
 def new generation   total 4928K, used 0K [0x22c00000, 0x23150000, 0x28150000)
  eden space 4416K,   0% used [0x22c00000, 0x22c00000, 0x23050000)
  from space 512K,   0% used [0x230d0000, 0x230d03b8, 0x23150000)
  to   space 512K,   0% used [0x23050000, 0x23050000, 0x230d0000)
 tenured generation   total 10944K, used 1923K [0x28150000, 0x28c00000, 0x32c00000)
   the space 10944K,  17% used [0x28150000, 0x28330ec8, 0x28331000, 0x28c00000)
 compacting perm gen  total 12288K, used 602K [0x32c00000, 0x33800000, 0x36c00000)
   the space 12288K,   4% used [0x32c00000, 0x32c96bb8, 0x32c96c00, 0x33800000)
    ro space 10240K,  42% used [0x36c00000, 0x37035ff0, 0x37036000, 0x37600000)
    rw space 12288K,  51% used [0x37600000, 0x37c3bd30, 0x37c3be00, 0x38200000)
}
Event: 121.076 GC heap before
{Heap before GC invocations=31 (full 0):
 def new generation   total 4928K, used 4416K [0x22c00000, 0x23150000, 0x28150000)
  eden space 4416K, 100% used [0x22c00000, 0x23050000, 0x23050000)
  from space 512K,   0% used [0x230d0000, 0x230d03b8, 0x23150000)
  to   space 512K,   0% used [0x23050000, 0x23050000, 0x230d0000)
 tenured generation   total 10944K, used 1923K [0x28150000, 0x28c00000, 0x32c00000)
   the space 10944K,  17% used [0x28150000, 0x28330ec8, 0x28331000, 0x28c00000)
 compacting perm gen  total 12288K, used 602K [0x32c00000, 0x33800000, 0x36c00000)
   the space 12288K,   4% used [0x32c00000, 0x32c96bb8, 0x32c96c00, 0x33800000)
    ro space 10240K,  42% used [0x36c00000, 0x37035ff0, 0x37036000, 0x37600000)
    rw space 12288K,  51% used [0x37600000, 0x37c3bd30, 0x37c3be00, 0x38200000)
Event: 121.076 GC heap after
Heap after GC invocations=32 (full 0):
 def new generation   total 4928K, used 1K [0x22c00000, 0x23150000, 0x28150000)
  eden space 4416K,   0% used [0x22c00000, 0x22c00000, 0x23050000)
  from space 512K,   0% used [0x23050000, 0x23050450, 0x230d0000)
  to   space 512K,   0% used [0x230d0000, 0x230d0000, 0x23150000)
 tenured generation   total 10944K, used 1923K [0x28150000, 0x28c00000, 0x32c00000)
   the space 10944K,  17% used [0x28150000, 0x28330ec8, 0x28331000, 0x28c00000)
 compacting perm gen  total 12288K, used 602K [0x32c00000, 0x33800000, 0x36c00000)
   the space 12288K,   4% used [0x32c00000, 0x32c96bb8, 0x32c96c00, 0x33800000)
    ro space 10240K,  42% used [0x36c00000, 0x37035ff0, 0x37036000, 0x37600000)
    rw space 12288K,  51% used [0x37600000, 0x37c3bd30, 0x37c3be00, 0x38200000)
}
Event: 122.833 GC heap before
{Heap before GC invocations=32 (full 0):
 def new generation   total 4928K, used 4417K [0x22c00000, 0x23150000, 0x28150000)
  eden space 4416K, 100% used [0x22c00000, 0x23050000, 0x23050000)
  from space 512K,   0% used [0x23050000, 0x23050450, 0x230d0000)
  to   space 512K,   0% used [0x230d0000, 0x230d0000, 0x23150000)
 tenured generation   total 10944K, used 1923K [0x28150000, 0x28c00000, 0x32c00000)
   the space 10944K,  17% used [0x28150000, 0x28330ec8, 0x28331000, 0x28c00000)
 compacting perm gen  total 12288K, used 602K [0x32c00000, 0x33800000, 0x36c00000)
   the space 12288K,   4% used [0x32c00000, 0x32c96bb8, 0x32c96c00, 0x33800000)
    ro space 10240K,  42% used [0x36c00000, 0x37035ff0, 0x37036000, 0x37600000)
    rw space 12288K,  51% used [0x37600000, 0x37c3bd30, 0x37c3be00, 0x38200000)
Event: 122.833 GC heap after
Heap after GC invocations=33 (full 0):
 def new generation   total 4928K, used 1K [0x22c00000, 0x23150000, 0x28150000)
  eden space 4416K,   0% used [0x22c00000, 0x22c00000, 0x23050000)
  from space 512K,   0% used [0x230d0000, 0x230d0430, 0x23150000)
  to   space 512K,   0% used [0x23050000, 0x23050000, 0x230d0000)
 tenured generation   total 10944K, used 1923K [0x28150000, 0x28c00000, 0x32c00000)
   the space 10944K,  17% used [0x28150000, 0x28330ec8, 0x28331000, 0x28c00000)
 compacting perm gen  total 12288K, used 602K [0x32c00000, 0x33800000, 0x36c00000)
   the space 12288K,   4% used [0x32c00000, 0x32c96bb8, 0x32c96c00, 0x33800000)
    ro space 10240K,  42% used [0x36c00000, 0x37035ff0, 0x37036000, 0x37600000)
    rw space 12288K,  51% used [0x37600000, 0x37c3bd30, 0x37c3be00, 0x38200000)
}
Event: 124.468 GC heap before
{Heap before GC invocations=33 (full 0):
 def new generation   total 4928K, used 4417K [0x22c00000, 0x23150000, 0x28150000)
  eden space 4416K, 100% used [0x22c00000, 0x23050000, 0x23050000)
  from space 512K,   0% used [0x230d0000, 0x230d0430, 0x23150000)
  to   space 512K,   0% used [0x23050000, 0x23050000, 0x230d0000)
 tenured generation   total 10944K, used 1923K [0x28150000, 0x28c00000, 0x32c00000)
   the space 10944K,  17% used [0x28150000, 0x28330ec8, 0x28331000, 0x28c00000)
 compacting perm gen  total 12288K, used 602K [0x32c00000, 0x33800000, 0x36c00000)
   the space 12288K,   4% used [0x32c00000, 0x32c96bb8, 0x32c96c00, 0x33800000)
    ro space 10240K,  42% used [0x36c00000, 0x37035ff0, 0x37036000, 0x37600000)
    rw space 12288K,  51% used [0x37600000, 0x37c3bd30, 0x37c3be00, 0x38200000)
Event: 124.468 GC heap after
Heap after GC invocations=34 (full 0):
 def new generation   total 4928K, used 1K [0x22c00000, 0x23150000, 0x28150000)
  eden space 4416K,   0% used [0x22c00000, 0x22c00000, 0x23050000)
  from space 512K,   0% used [0x23050000, 0x23050650, 0x230d0000)
  to   space 512K,   0% used [0x230d0000, 0x230d0000, 0x23150000)
 tenured generation   total 10944K, used 1923K [0x28150000, 0x28c00000, 0x32c00000)
   the space 10944K,  17% used [0x28150000, 0x28330ec8, 0x28331000, 0x28c00000)
 compacting perm gen  total 12288K, used 602K [0x32c00000, 0x33800000, 0x36c00000)
   the space 12288K,   4% used [0x32c00000, 0x32c96bb8, 0x32c96c00, 0x33800000)
    ro space 10240K,  42% used [0x36c00000, 0x37035ff0, 0x37036000, 0x37600000)
    rw space 12288K,  51% used [0x37600000, 0x37c3bd30, 0x37c3be00, 0x38200000)
}

