# JRE version: Java(TM) SE Runtime Environment (7.0_76-b13) (build 1.7.0_76-b13)
# Java VM: Java HotSpot(TM) Client VM (24.76-b04 mixed mode, sharing windows-x86 )
Heap
 def new generation   total 4928K, used 1268K [0x22c00000, 0x23150000, 0x28150000)
  eden space 4416K,  24% used [0x22c00000, 0x22d0e910, 0x23050000)
  from space 512K,  36% used [0x230d0000, 0x230fe8e8, 0x23150000)
  to   space 512K,   0% used [0x23050000, 0x23050000, 0x230d0000)
 tenured generation   total 10944K, used 1013K [0x28150000, 0x28c00000, 0x32c00000)
   the space 10944K,   9% used [0x28150000, 0x2824d6f8, 0x2824d800, 0x28c00000)
 compacting perm gen  total 12288K, used 604K [0x32c00000, 0x33800000, 0x36c00000)
   the space 12288K,   4% used [0x32c00000, 0x32c97148, 0x32c97200, 0x33800000)
    ro space 10240K,  42% used [0x36c00000, 0x37035ff0, 0x37036000, 0x37600000)
    rw space 12288K,  51% used [0x37600000, 0x37c3bd30, 0x37c3be00, 0x38200000)
GC Heap History (10 events):
Event: 67.698 GC heap before
{Heap before GC invocations=8 (full 0):
 def new generation   total 4928K, used 4540K [0x22c00000, 0x23150000, 0x28150000)
  eden space 4416K, 100% used [0x22c00000, 0x23050000, 0x23050000)
  from space 512K,  24% used [0x23050000, 0x2306f060, 0x230d0000)
  to   space 512K,   0% used [0x230d0000, 0x230d0000, 0x23150000)
 tenured generation   total 10944K, used 596K [0x28150000, 0x28c00000, 0x32c00000)
   the space 10944K,   5% used [0x28150000, 0x281e5390, 0x281e5400, 0x28c00000)
 compacting perm gen  total 12288K, used 601K [0x32c00000, 0x33800000, 0x36c00000)
   the space 12288K,   4% used [0x32c00000, 0x32c966f0, 0x32c96800, 0x33800000)
    ro space 10240K,  42% used [0x36c00000, 0x37035ff0, 0x37036000, 0x37600000)
    rw space 12288K,  51% used [0x37600000, 0x37c3bd30, 0x37c3be00, 0x38200000)
Event: 67.698 GC heap after
Heap after GC invocations=9 (full 0):
 def new generation   total 4928K, used 124K [0x22c00000, 0x23150000, 0x28150000)
  eden space 4416K,   0% used [0x22c00000, 0x22c00000, 0x23050000)
  from space 512K,  24% used [0x230d0000, 0x230ef000, 0x23150000)
  to   space 512K,   0% used [0x23050000, 0x23050000, 0x230d0000)
 tenured generation   total 10944K, used 596K [0x28150000, 0x28c00000, 0x32c00000)
   the space 10944K,   5% used [0x28150000, 0x281e5390, 0x281e5400, 0x28c00000)
 compacting perm gen  total 12288K, used 601K [0x32c00000, 0x33800000, 0x36c00000)
   the space 12288K,   4% used [0x32c00000, 0x32c966f0, 0x32c96800, 0x33800000)
    ro space 10240K,  42% used [0x36c00000, 0x37035ff0, 0x37036000, 0x37600000)
    rw space 12288K,  51% used [0x37600000, 0x37c3bd30, 0x37c3be00, 0x38200000)
}
Event: 71.350 GC heap before
{Heap before GC invocations=9 (full 0):
 def new generation   total 4928K, used 4540K [0x22c00000, 0x23150000, 0x28150000)
  eden space 4416K, 100% used [0x22c00000, 0x23050000, 0x23050000)
  from space 512K,  24% used [0x230d0000, 0x230ef000, 0x23150000)
  to   space 512K,   0% used [0x23050000, 0x23050000, 0x230d0000)
 tenured generation   total 10944K, used 596K [0x28150000, 0x28c00000, 0x32c00000)
   the space 10944K,   5% used [0x28150000, 0x281e5390, 0x281e5400, 0x28c00000)
 compacting perm gen  total 12288K, used 601K [0x32c00000, 0x33800000, 0x36c00000)
   the space 12288K,   4% used [0x32c00000, 0x32c966f0, 0x32c96800, 0x33800000)
    ro space 10240K,  42% used [0x36c00000, 0x37035ff0, 0x37036000, 0x37600000)
    rw space 12288K,  51% used [0x37600000, 0x37c3bd30, 0x37c3be00, 0x38200000)
Event: 71.350 GC heap after
Heap after GC invocations=10 (full 0):
 def new generation   total 4928K, used 124K [0x22c00000, 0x23150000, 0x28150000)
  eden space 4416K,   0% used [0x22c00000, 0x22c00000, 0x23050000)
  from space 512K,  24% used [0x23050000, 0x2306f0f8, 0x230d0000)
  to   space 512K,   0% used [0x230d0000, 0x230d0000, 0x23150000)
 tenured generation   total 10944K, used 596K [0x28150000, 0x28c00000, 0x32c00000)
   the space 10944K,   5% used [0x28150000, 0x281e5390, 0x281e5400, 0x28c00000)
 compacting perm gen  total 12288K, used 601K [0x32c00000, 0x33800000, 0x36c00000)
   the space 12288K,   4% used [0x32c00000, 0x32c966f0, 0x32c96800, 0x33800000)
    ro space 10240K,  42% used [0x36c00000, 0x37035ff0, 0x37036000, 0x37600000)
    rw space 12288K,  51% used [0x37600000, 0x37c3bd30, 0x37c3be00, 0x38200000)
}
Event: 74.423 GC heap before
{Heap before GC invocations=10 (full 0):
 def new generation   total 4928K, used 4540K [0x22c00000, 0x23150000, 0x28150000)
  eden space 4416K, 100% used [0x22c00000, 0x23050000, 0x23050000)
  from space 512K,  24% used [0x23050000, 0x2306f0f8, 0x230d0000)
  to   space 512K,   0% used [0x230d0000, 0x230d0000, 0x23150000)
 tenured generation   total 10944K, used 596K [0x28150000, 0x28c00000, 0x32c00000)
   the space 10944K,   5% used [0x28150000, 0x281e5390, 0x281e5400, 0x28c00000)
 compacting perm gen  total 12288K, used 601K [0x32c00000, 0x33800000, 0x36c00000)
   the space 12288K,   4% used [0x32c00000, 0x32c966f0, 0x32c96800, 0x33800000)
    ro space 10240K,  42% used [0x36c00000, 0x37035ff0, 0x37036000, 0x37600000)
    rw space 12288K,  51% used [0x37600000, 0x37c3bd30, 0x37c3be00, 0x38200000)
Event: 74.423 GC heap after
Heap after GC invocations=11 (full 0):
 def new generation   total 4928K, used 124K [0x22c00000, 0x23150000, 0x28150000)
  eden space 4416K,   0% used [0x22c00000, 0x22c00000, 0x23050000)
  from space 512K,  24% used [0x230d0000, 0x230ef178, 0x23150000)
  to   space 512K,   0% used [0x23050000, 0x23050000, 0x230d0000)
 tenured generation   total 10944K, used 1013K [0x28150000, 0x28c00000, 0x32c00000)
   the space 10944K,   9% used [0x28150000, 0x2824d6f8, 0x2824d800, 0x28c00000)
 compacting perm gen  total 12288K, used 601K [0x32c00000, 0x33800000, 0x36c00000)
   the space 12288K,   4% used [0x32c00000, 0x32c966f0, 0x32c96800, 0x33800000)
    ro space 10240K,  42% used [0x36c00000, 0x37035ff0, 0x37036000, 0x37600000)
    rw space 12288K,  51% used [0x37600000, 0x37c3bd30, 0x37c3be00, 0x38200000)
}
Event: 77.559 GC heap before
{Heap before GC invocations=11 (full 0):
 def new generation   total 4928K, used 4540K [0x22c00000, 0x23150000, 0x28150000)
  eden space 4416K, 100% used [0x22c00000, 0x23050000, 0x23050000)
  from space 512K,  24% used [0x230d0000, 0x230ef178, 0x23150000)
  to   space 512K,   0% used [0x23050000, 0x23050000, 0x230d0000)
 tenured generation   total 10944K, used 1013K [0x28150000, 0x28c00000, 0x32c00000)
   the space 10944K,   9% used [0x28150000, 0x2824d6f8, 0x2824d800, 0x28c00000)
 compacting perm gen  total 12288K, used 601K [0x32c00000, 0x33800000, 0x36c00000)
   the space 12288K,   4% used [0x32c00000, 0x32c966f0, 0x32c96800, 0x33800000)
    ro space 10240K,  42% used [0x36c00000, 0x37035ff0, 0x37036000, 0x37600000)
    rw space 12288K,  51% used [0x37600000, 0x37c3bd30, 0x37c3be00, 0x38200000)
Event: 77.559 GC heap after
Heap after GC invocations=12 (full 0):
 def new generation   total 4928K, used 186K [0x22c00000, 0x23150000, 0x28150000)
  eden space 4416K,   0% used [0x22c00000, 0x22c00000, 0x23050000)
  from space 512K,  36% used [0x23050000, 0x2307e8e8, 0x230d0000)
  to   space 512K,   0% used [0x230d0000, 0x230d0000, 0x23150000)
 tenured generation   total 10944K, used 1013K [0x28150000, 0x28c00000, 0x32c00000)
   the space 10944K,   9% used [0x28150000, 0x2824d6f8, 0x2824d800, 0x28c00000)
 compacting perm gen  total 12288K, used 601K [0x32c00000, 0x33800000, 0x36c00000)
   the space 12288K,   4% used [0x32c00000, 0x32c966f0, 0x32c96800, 0x33800000)
    ro space 10240K,  42% used [0x36c00000, 0x37035ff0, 0x37036000, 0x37600000)
    rw space 12288K,  51% used [0x37600000, 0x37c3bd30, 0x37c3be00, 0x38200000)
}
Event: 80.643 GC heap before
{Heap before GC invocations=12 (full 0):
 def new generation   total 4928K, used 4602K [0x22c00000, 0x23150000, 0x28150000)
  eden space 4416K, 100% used [0x22c00000, 0x23050000, 0x23050000)
  from space 512K,  36% used [0x23050000, 0x2307e8e8, 0x230d0000)
  to   space 512K,   0% used [0x230d0000, 0x230d0000, 0x23150000)
 tenured generation   total 10944K, used 1013K [0x28150000, 0x28c00000, 0x32c00000)
   the space 10944K,   9% used [0x28150000, 0x2824d6f8, 0x2824d800, 0x28c00000)
 compacting perm gen  total 12288K, used 601K [0x32c00000, 0x33800000, 0x36c00000)
   the space 12288K,   4% used [0x32c00000, 0x32c966f0, 0x32c96800, 0x33800000)
    ro space 10240K,  42% used [0x36c00000, 0x37035ff0, 0x37036000, 0x37600000)
    rw space 12288K,  51% used [0x37600000, 0x37c3bd30, 0x37c3be00, 0x38200000)
Event: 80.644 GC heap after
Heap after GC invocations=13 (full 0):
 def new generation   total 4928K, used 186K [0x22c00000, 0x23150000, 0x28150000)
  eden space 4416K,   0% used [0x22c00000, 0x22c00000, 0x23050000)
  from space 512K,  36% used [0x230d0000, 0x230fe8e8, 0x23150000)
  to   space 512K,   0% used [0x23050000, 0x23050000, 0x230d0000)
 tenured generation   total 10944K, used 1013K [0x28150000, 0x28c00000, 0x32c00000)
   the space 10944K,   9% used [0x28150000, 0x2824d6f8, 0x2824d800, 0x28c00000)
 compacting perm gen  total 12288K, used 601K [0x32c00000, 0x33800000, 0x36c00000)
   the space 12288K,   4% used [0x32c00000, 0x32c966f0, 0x32c96800, 0x33800000)
    ro space 10240K,  42% used [0x36c00000, 0x37035ff0, 0x37036000, 0x37600000)
    rw space 12288K,  51% used [0x37600000, 0x37c3bd30, 0x37c3be00, 0x38200000)
}

