# JRE version: Java(TM) SE Runtime Environment (7.0_76-b13) (build 1.7.0_76-b13)
# Java VM: Java HotSpot(TM) Client VM (24.76-b04 mixed mode, sharing windows-x86 )
Heap
 def new generation   total 4928K, used 2730K [0x22c00000, 0x23150000, 0x28150000)
  eden space 4416K,  60% used [0x22c00000, 0x22e9cb70, 0x23050000)
  from space 512K,  10% used [0x230d0000, 0x230ddf58, 0x23150000)
  to   space 512K,   0% used [0x23050000, 0x23050000, 0x230d0000)
 tenured generation   total 10944K, used 2361K [0x28150000, 0x28c00000, 0x32c00000)
   the space 10944K,  21% used [0x28150000, 0x2839e720, 0x2839e800, 0x28c00000)
 compacting perm gen  total 12288K, used 606K [0x32c00000, 0x33800000, 0x36c00000)
   the space 12288K,   4% used [0x32c00000, 0x32c97a50, 0x32c97c00, 0x33800000)
    ro space 10240K,  42% used [0x36c00000, 0x37035ff0, 0x37036000, 0x37600000)
    rw space 12288K,  51% used [0x37600000, 0x37c3bd30, 0x37c3be00, 0x38200000)
GC Heap History (10 events):
Event: 157.355 GC heap before
{Heap before GC invocations=52 (full 0):
 def new generation   total 4928K, used 4471K [0x22c00000, 0x23150000, 0x28150000)
  eden space 4416K, 100% used [0x22c00000, 0x23050000, 0x23050000)
  from space 512K,  10% used [0x23050000, 0x2305df28, 0x230d0000)
  to   space 512K,   0% used [0x230d0000, 0x230d0000, 0x23150000)
 tenured generation   total 10944K, used 2361K [0x28150000, 0x28c00000, 0x32c00000)
   the space 10944K,  21% used [0x28150000, 0x2839e6b0, 0x2839e800, 0x28c00000)
 compacting perm gen  total 12288K, used 606K [0x32c00000, 0x33800000, 0x36c00000)
   the space 12288K,   4% used [0x32c00000, 0x32c97a50, 0x32c97c00, 0x33800000)
    ro space 10240K,  42% used [0x36c00000, 0x37035ff0, 0x37036000, 0x37600000)
    rw space 12288K,  51% used [0x37600000, 0x37c3bd30, 0x37c3be00, 0x38200000)
Event: 157.355 GC heap after
Heap after GC invocations=53 (full 0):
 def new generation   total 4928K, used 55K [0x22c00000, 0x23150000, 0x28150000)
  eden space 4416K,   0% used [0x22c00000, 0x22c00000, 0x23050000)
  from space 512K,  10% used [0x230d0000, 0x230dde88, 0x23150000)
  to   space 512K,   0% used [0x23050000, 0x23050000, 0x230d0000)
 tenured generation   total 10944K, used 2361K [0x28150000, 0x28c00000, 0x32c00000)
   the space 10944K,  21% used [0x28150000, 0x2839e6b0, 0x2839e800, 0x28c00000)
 compacting perm gen  total 12288K, used 606K [0x32c00000, 0x33800000, 0x36c00000)
   the space 12288K,   4% used [0x32c00000, 0x32c97a50, 0x32c97c00, 0x33800000)
    ro space 10240K,  42% used [0x36c00000, 0x37035ff0, 0x37036000, 0x37600000)
    rw space 12288K,  51% used [0x37600000, 0x37c3bd30, 0x37c3be00, 0x38200000)
}
Event: 159.933 GC heap before
{Heap before GC invocations=53 (full 0):
 def new generation   total 4928K, used 4471K [0x22c00000, 0x23150000, 0x28150000)
  eden space 4416K, 100% used [0x22c00000, 0x23050000, 0x23050000)
  from space 512K,  10% used [0x230d0000, 0x230dde88, 0x23150000)
  to   space 512K,   0% used [0x23050000, 0x23050000, 0x230d0000)
 tenured generation   total 10944K, used 2361K [0x28150000, 0x28c00000, 0x32c00000)
   the space 10944K,  21% used [0x28150000, 0x2839e6b0, 0x2839e800, 0x28c00000)
 compacting perm gen  total 12288K, used 606K [0x32c00000, 0x33800000, 0x36c00000)
   the space 12288K,   4% used [0x32c00000, 0x32c97a50, 0x32c97c00, 0x33800000)
    ro space 10240K,  42% used [0x36c00000, 0x37035ff0, 0x37036000, 0x37600000)
    rw space 12288K,  51% used [0x37600000, 0x37c3bd30, 0x37c3be00, 0x38200000)
Event: 159.934 GC heap after
Heap after GC invocations=54 (full 0):
 def new generation   total 4928K, used 55K [0x22c00000, 0x23150000, 0x28150000)
  eden space 4416K,   0% used [0x22c00000, 0x22c00000, 0x23050000)
  from space 512K,  10% used [0x23050000, 0x2305df88, 0x230d0000)
  to   space 512K,   0% used [0x230d0000, 0x230d0000, 0x23150000)
 tenured generation   total 10944K, used 2361K [0x28150000, 0x28c00000, 0x32c00000)
   the space 10944K,  21% used [0x28150000, 0x2839e6b0, 0x2839e800, 0x28c00000)
 compacting perm gen  total 12288K, used 606K [0x32c00000, 0x33800000, 0x36c00000)
   the space 12288K,   4% used [0x32c00000, 0x32c97a50, 0x32c97c00, 0x33800000)
    ro space 10240K,  42% used [0x36c00000, 0x37035ff0, 0x37036000, 0x37600000)
    rw space 12288K,  51% used [0x37600000, 0x37c3bd30, 0x37c3be00, 0x38200000)
}
Event: 162.466 GC heap before
{Heap before GC invocations=54 (full 0):
 def new generation   total 4928K, used 4471K [0x22c00000, 0x23150000, 0x28150000)
  eden space 4416K, 100% used [0x22c00000, 0x23050000, 0x23050000)
  from space 512K,  10% used [0x23050000, 0x2305df88, 0x230d0000)
  to   space 512K,   0% used [0x230d0000, 0x230d0000, 0x23150000)
 tenured generation   total 10944K, used 2361K [0x28150000, 0x28c00000, 0x32c00000)
   the space 10944K,  21% used [0x28150000, 0x2839e6b0, 0x2839e800, 0x28c00000)
 compacting perm gen  total 12288K, used 606K [0x32c00000, 0x33800000, 0x36c00000)
   the space 12288K,   4% used [0x32c00000, 0x32c97a50, 0x32c97c00, 0x33800000)
    ro space 10240K,  42% used [0x36c00000, 0x37035ff0, 0x37036000, 0x37600000)
    rw space 12288K,  51% used [0x37600000, 0x37c3bd30, 0x37c3be00, 0x38200000)
Event: 162.466 GC heap after
Heap after GC invocations=55 (full 0):
 def new generation   total 4928K, used 55K [0x22c00000, 0x23150000, 0x28150000)
  eden space 4416K,   0% used [0x22c00000, 0x22c00000, 0x23050000)
  from space 512K,  10% used [0x230d0000, 0x230ddf88, 0x23150000)
  to   space 512K,   0% used [0x23050000, 0x23050000, 0x230d0000)
 tenured generation   total 10944K, used 2361K [0x28150000, 0x28c00000, 0x32c00000)
   the space 10944K,  21% used [0x28150000, 0x2839e6b0, 0x2839e800, 0x28c00000)
 compacting perm gen  total 12288K, used 606K [0x32c00000, 0x33800000, 0x36c00000)
   the space 12288K,   4% used [0x32c00000, 0x32c97a50, 0x32c97c00, 0x33800000)
    ro space 10240K,  42% used [0x36c00000, 0x37035ff0, 0x37036000, 0x37600000)
    rw space 12288K,  51% used [0x37600000, 0x37c3bd30, 0x37c3be00, 0x38200000)
}
Event: 165.142 GC heap before
{Heap before GC invocations=55 (full 0):
 def new generation   total 4928K, used 4471K [0x22c00000, 0x23150000, 0x28150000)
  eden space 4416K, 100% used [0x22c00000, 0x23050000, 0x23050000)
  from space 512K,  10% used [0x230d0000, 0x230ddf88, 0x23150000)
  to   space 512K,   0% used [0x23050000, 0x23050000, 0x230d0000)
 tenured generation   total 10944K, used 2361K [0x28150000, 0x28c00000, 0x32c00000)
   the space 10944K,  21% used [0x28150000, 0x2839e6b0, 0x2839e800, 0x28c00000)
 compacting perm gen  total 12288K, used 606K [0x32c00000, 0x33800000, 0x36c00000)
   the space 12288K,   4% used [0x32c00000, 0x32c97a50, 0x32c97c00, 0x33800000)
    ro space 10240K,  42% used [0x36c00000, 0x37035ff0, 0x37036000, 0x37600000)
    rw space 12288K,  51% used [0x37600000, 0x37c3bd30, 0x37c3be00, 0x38200000)
Event: 165.143 GC heap after
Heap after GC invocations=56 (full 0):
 def new generation   total 4928K, used 55K [0x22c00000, 0x23150000, 0x28150000)
  eden space 4416K,   0% used [0x22c00000, 0x22c00000, 0x23050000)
  from space 512K,  10% used [0x23050000, 0x2305df98, 0x230d0000)
  to   space 512K,   0% used [0x230d0000, 0x230d0000, 0x23150000)
 tenured generation   total 10944K, used 2361K [0x28150000, 0x28c00000, 0x32c00000)
   the space 10944K,  21% used [0x28150000, 0x2839e720, 0x2839e800, 0x28c00000)
 compacting perm gen  total 12288K, used 606K [0x32c00000, 0x33800000, 0x36c00000)
   the space 12288K,   4% used [0x32c00000, 0x32c97a50, 0x32c97c00, 0x33800000)
    ro space 10240K,  42% used [0x36c00000, 0x37035ff0, 0x37036000, 0x37600000)
    rw space 12288K,  51% used [0x37600000, 0x37c3bd30, 0x37c3be00, 0x38200000)
}
Event: 167.852 GC heap before
{Heap before GC invocations=56 (full 0):
 def new generation   total 4928K, used 4471K [0x22c00000, 0x23150000, 0x28150000)
  eden space 4416K, 100% used [0x22c00000, 0x23050000, 0x23050000)
  from space 512K,  10% used [0x23050000, 0x2305df98, 0x230d0000)
  to   space 512K,   0% used [0x230d0000, 0x230d0000, 0x23150000)
 tenured generation   total 10944K, used 2361K [0x28150000, 0x28c00000, 0x32c00000)
   the space 10944K,  21% used [0x28150000, 0x2839e720, 0x2839e800, 0x28c00000)
 compacting perm gen  total 12288K, used 606K [0x32c00000, 0x33800000, 0x36c00000)
   the space 12288K,   4% used [0x32c00000, 0x32c97a50, 0x32c97c00, 0x33800000)
    ro space 10240K,  42% used [0x36c00000, 0x37035ff0, 0x37036000, 0x37600000)
    rw space 12288K,  51% used [0x37600000, 0x37c3bd30, 0x37c3be00, 0x38200000)
Event: 167.853 GC heap after
Heap after GC invocations=57 (full 0):
 def new generation   total 4928K, used 55K [0x22c00000, 0x23150000, 0x28150000)
  eden space 4416K,   0% used [0x22c00000, 0x22c00000, 0x23050000)
  from space 512K,  10% used [0x230d0000, 0x230ddf58, 0x23150000)
  to   space 512K,   0% used [0x23050000, 0x23050000, 0x230d0000)
 tenured generation   total 10944K, used 2361K [0x28150000, 0x28c00000, 0x32c00000)
   the space 10944K,  21% used [0x28150000, 0x2839e720, 0x2839e800, 0x28c00000)
 compacting perm gen  total 12288K, used 606K [0x32c00000, 0x33800000, 0x36c00000)
   the space 12288K,   4% used [0x32c00000, 0x32c97a50, 0x32c97c00, 0x33800000)
    ro space 10240K,  42% used [0x36c00000, 0x37035ff0, 0x37036000, 0x37600000)
    rw space 12288K,  51% used [0x37600000, 0x37c3bd30, 0x37c3be00, 0x38200000)
}

